<?xml version="1.0" encoding="UTF-8"?>
<robot generator="Robot 4.1.3 (Python 3.7.5 on win32)" generated="20211216 11:47:07.076" rpa="true" schemaversion="2">
<suite id="s1" name="Tasks" source="c:\Users\FOTV\OneDrive - GFT Technologies SE\Documents\rpachallenge_robocorp\tasks.robot">
<test id="s1-t1" name="Everything">
<kw name="Open Workbook" library="RPA.Excel.Files">
<arg>C:/Users/FOTV/OneDrive - GFT Technologies SE/Documents/rpachallenge_robocorp/challenge.xlsx</arg>
<doc>Open an existing Excel workbook.</doc>
<msg timestamp="20211216 11:47:09.331" level="INFO">Opened workbook: &lt;RPA.Excel.Files.XlsxWorkbook object at 0x00000243560EC7C8&gt;</msg>
<status status="PASS" starttime="20211216 11:47:08.899" endtime="20211216 11:47:09.331"/>
</kw>
<kw name="Read Worksheet As Table" library="RPA.Excel.Files">
<var>@{data}</var>
<arg>header=True</arg>
<doc>Read the content of a worksheet into a Table container. Allows
sorting/filtering/manipulating using the ``RPA.Tables`` library.</doc>
<msg timestamp="20211216 11:47:09.660" level="INFO">Created table: Table(columns=['First Name', 'Last Name', 'Company Name', 'Role in Company', 'Address', 'Email', 'Phone Number'], rows=10)</msg>
<msg timestamp="20211216 11:47:09.661" level="INFO">@{data} = [ {'First Name': 'John', 'Last Name': 'Smith', 'Company Name': 'IT Solutions', 'Role in Company': 'Analyst', 'Address': '98 North Road', 'Email': 'jsmith@itsolutions.co.uk', 'Phone Number': 4071654329...</msg>
<status status="PASS" starttime="20211216 11:47:09.333" endtime="20211216 11:47:09.662"/>
</kw>
<kw name="Close Workbook" library="RPA.Excel.Files">
<doc>Close the active workbook.</doc>
<msg timestamp="20211216 11:47:09.664" level="INFO">Closing workbook: &lt;RPA.Excel.Files.XlsxWorkbook object at 0x00000243560EC7C8&gt;</msg>
<status status="PASS" starttime="20211216 11:47:09.663" endtime="20211216 11:47:09.665"/>
</kw>
<kw name="Open Chrome Browser" library="RPA.Browser.Selenium">
<arg>http://rpachallenge.com</arg>
<doc>Open Chrome browser. See ``Open Available Browser`` for
descriptions of arguments.</doc>
<msg timestamp="20211216 11:47:09.667" level="INFO">Creating an instance of the Chrome WebDriver.</msg>
<msg timestamp="20211216 11:47:09.711" level="INFO">Created download root directory: C:\Users\FOTV\AppData\Local\robocorp\webdrivers</msg>
<msg timestamp="20211216 11:47:09.712" level="INFO">Created symlink directory: C:\Users\FOTV\AppData\Local\robocorp\webdrivers</msg>
<msg timestamp="20211216 11:47:09.712" level="INFO">Creating an instance of the Chrome WebDriver.</msg>
<msg timestamp="20211216 11:47:11.118" level="INFO">Created Chrome browser with arguments: --disable-dev-shm-usage --disable-web-security --allow-running-insecure-content --no-sandbox</msg>
<msg timestamp="20211216 11:47:11.118" level="INFO" html="true">&lt;p&gt;Attempted combinations:&lt;/p&gt;&lt;div class="doc"&gt;&lt;table&gt;&lt;tr&gt;&lt;th&gt;Browser&lt;/th&gt;&lt;th&gt;Download&lt;/th&gt;&lt;th&gt;Error&lt;/th&gt;&lt;/tr&gt;&lt;tr&gt;&lt;td&gt;Chrome&lt;/td&gt;&lt;td&gt;False&lt;/td&gt;&lt;td&gt;Message: 'chromedriver' executable needs to be in PATH. Please see https://sites.google.com/a/chromium.org/chromedriver/home
&lt;/td&gt;&lt;/tr&gt;&lt;tr&gt;&lt;td&gt;Chrome&lt;/td&gt;&lt;td&gt;True&lt;/td&gt;&lt;td&gt;&lt;/td&gt;&lt;/tr&gt;&lt;/table&gt;&lt;/div&gt;</msg>
<msg timestamp="20211216 11:47:11.118" level="INFO">Opening url 'http://rpachallenge.com'</msg>
<status status="PASS" starttime="20211216 11:47:09.666" endtime="20211216 11:47:13.441"/>
</kw>
<kw name="Click Button" library="RPA.Browser.Selenium">
<arg>Start</arg>
<doc>Clicks the button identified by ``locator``.</doc>
<msg timestamp="20211216 11:47:13.445" level="INFO">Clicking button 'Start'.</msg>
<status status="PASS" starttime="20211216 11:47:13.443" endtime="20211216 11:47:13.508"/>
</kw>
<for flavor="IN">
<var>${row}</var>
<value>@{data}</value>
<iter>
<var name="${row}">{'First Name': 'John', 'Last Name': 'Smith', 'Company Name': 'IT Solutions', 'Role in Company': 'Analyst', 'Address': '98 North Road', 'Email': 'jsmith@itsolutions.co.uk', 'Phone Number': 40716543298}</var>
<kw name="Input Text" library="RPA.Browser.Selenium">
<arg>xpath://input[@ng-reflect-name="labelFirstName"]</arg>
<arg>${row}[First Name]</arg>
<doc>Types the given ``text`` into the text field identified by ``locator``.</doc>
<msg timestamp="20211216 11:47:13.514" level="INFO">Typing text 'John' into text field 'xpath://input[@ng-reflect-name="labelFirstName"]'.</msg>
<status status="PASS" starttime="20211216 11:47:13.513" endtime="20211216 11:47:13.603"/>
</kw>
<kw name="Input Text" library="RPA.Browser.Selenium">
<arg>css:input[ng-reflect-name="labelLastName"]</arg>
<arg>${row}[Last Name]</arg>
<doc>Types the given ``text`` into the text field identified by ``locator``.</doc>
<msg timestamp="20211216 11:47:13.607" level="INFO">Typing text 'Smith' into text field 'css:input[ng-reflect-name="labelLastName"]'.</msg>
<status status="PASS" starttime="20211216 11:47:13.604" endtime="20211216 11:47:13.681"/>
</kw>
<kw name="Input Text" library="RPA.Browser.Selenium">
<arg>css:input[ng-reflect-name="labelPhone"]</arg>
<arg>${row}[Phone Number]</arg>
<doc>Types the given ``text`` into the text field identified by ``locator``.</doc>
<msg timestamp="20211216 11:47:13.684" level="INFO">Typing text '40716543298' into text field 'css:input[ng-reflect-name="labelPhone"]'.</msg>
<status status="PASS" starttime="20211216 11:47:13.682" endtime="20211216 11:47:13.764"/>
</kw>
<kw name="Input Text" library="RPA.Browser.Selenium">
<arg>css:input[ng-reflect-name="labelEmail"]</arg>
<arg>${row}[Email]</arg>
<doc>Types the given ``text`` into the text field identified by ``locator``.</doc>
<msg timestamp="20211216 11:47:13.766" level="INFO">Typing text 'jsmith@itsolutions.co.uk' into text field 'css:input[ng-reflect-name="labelEmail"]'.</msg>
<status status="PASS" starttime="20211216 11:47:13.764" endtime="20211216 11:47:13.868"/>
</kw>
<kw name="Input Text" library="RPA.Browser.Selenium">
<arg>css:input[ng-reflect-name="labelAddress"]</arg>
<arg>${row}[Address]</arg>
<doc>Types the given ``text`` into the text field identified by ``locator``.</doc>
<msg timestamp="20211216 11:47:13.870" level="INFO">Typing text '98 North Road' into text field 'css:input[ng-reflect-name="labelAddress"]'.</msg>
<status status="PASS" starttime="20211216 11:47:13.869" endtime="20211216 11:47:13.951"/>
</kw>
<kw name="Input Text" library="RPA.Browser.Selenium">
<arg>css:input[ng-reflect-name="labelCompanyName"]</arg>
<arg>${row}[Company Name]</arg>
<doc>Types the given ``text`` into the text field identified by ``locator``.</doc>
<msg timestamp="20211216 11:47:13.953" level="INFO">Typing text 'IT Solutions' into text field 'css:input[ng-reflect-name="labelCompanyName"]'.</msg>
<status status="PASS" starttime="20211216 11:47:13.952" endtime="20211216 11:47:14.034"/>
</kw>
<kw name="Input Text" library="RPA.Browser.Selenium">
<arg>css:input[ng-reflect-name="labelRole"]</arg>
<arg>${row}[Role in Company]</arg>
<doc>Types the given ``text`` into the text field identified by ``locator``.</doc>
<msg timestamp="20211216 11:47:14.036" level="INFO">Typing text 'Analyst' into text field 'css:input[ng-reflect-name="labelRole"]'.</msg>
<status status="PASS" starttime="20211216 11:47:14.035" endtime="20211216 11:47:14.103"/>
</kw>
<kw name="Click Button" library="RPA.Browser.Selenium">
<arg>css:input[value="Submit"]</arg>
<doc>Clicks the button identified by ``locator``.</doc>
<msg timestamp="20211216 11:47:14.106" level="INFO">Clicking button 'css:input[value="Submit"]'.</msg>
<status status="PASS" starttime="20211216 11:47:14.104" endtime="20211216 11:47:14.153"/>
</kw>
<status status="PASS" starttime="20211216 11:47:13.512" endtime="20211216 11:47:14.154"/>
</iter>
<iter>
<var name="${row}">{'First Name': 'Jane', 'Last Name': 'Dorsey', 'Company Name': 'MediCare', 'Role in Company': 'Medical Engineer', 'Address': '11 Crown Street', 'Email': 'jdorsey@mc.com', 'Phone Number': 40791345621}</var>
<kw name="Input Text" library="RPA.Browser.Selenium">
<arg>xpath://input[@ng-reflect-name="labelFirstName"]</arg>
<arg>${row}[First Name]</arg>
<doc>Types the given ``text`` into the text field identified by ``locator``.</doc>
<msg timestamp="20211216 11:47:14.158" level="INFO">Typing text 'Jane' into text field 'xpath://input[@ng-reflect-name="labelFirstName"]'.</msg>
<status status="PASS" starttime="20211216 11:47:14.156" endtime="20211216 11:47:14.228"/>
</kw>
<kw name="Input Text" library="RPA.Browser.Selenium">
<arg>css:input[ng-reflect-name="labelLastName"]</arg>
<arg>${row}[Last Name]</arg>
<doc>Types the given ``text`` into the text field identified by ``locator``.</doc>
<msg timestamp="20211216 11:47:14.231" level="INFO">Typing text 'Dorsey' into text field 'css:input[ng-reflect-name="labelLastName"]'.</msg>
<status status="PASS" starttime="20211216 11:47:14.229" endtime="20211216 11:47:14.304"/>
</kw>
<kw name="Input Text" library="RPA.Browser.Selenium">
<arg>css:input[ng-reflect-name="labelPhone"]</arg>
<arg>${row}[Phone Number]</arg>
<doc>Types the given ``text`` into the text field identified by ``locator``.</doc>
<msg timestamp="20211216 11:47:14.307" level="INFO">Typing text '40791345621' into text field 'css:input[ng-reflect-name="labelPhone"]'.</msg>
<status status="PASS" starttime="20211216 11:47:14.305" endtime="20211216 11:47:14.378"/>
</kw>
<kw name="Input Text" library="RPA.Browser.Selenium">
<arg>css:input[ng-reflect-name="labelEmail"]</arg>
<arg>${row}[Email]</arg>
<doc>Types the given ``text`` into the text field identified by ``locator``.</doc>
<msg timestamp="20211216 11:47:14.380" level="INFO">Typing text 'jdorsey@mc.com' into text field 'css:input[ng-reflect-name="labelEmail"]'.</msg>
<status status="PASS" starttime="20211216 11:47:14.379" endtime="20211216 11:47:14.451"/>
</kw>
<kw name="Input Text" library="RPA.Browser.Selenium">
<arg>css:input[ng-reflect-name="labelAddress"]</arg>
<arg>${row}[Address]</arg>
<doc>Types the given ``text`` into the text field identified by ``locator``.</doc>
<msg timestamp="20211216 11:47:14.454" level="INFO">Typing text '11 Crown Street' into text field 'css:input[ng-reflect-name="labelAddress"]'.</msg>
<status status="PASS" starttime="20211216 11:47:14.452" endtime="20211216 11:47:14.532"/>
</kw>
<kw name="Input Text" library="RPA.Browser.Selenium">
<arg>css:input[ng-reflect-name="labelCompanyName"]</arg>
<arg>${row}[Company Name]</arg>
<doc>Types the given ``text`` into the text field identified by ``locator``.</doc>
<msg timestamp="20211216 11:47:14.534" level="INFO">Typing text 'MediCare' into text field 'css:input[ng-reflect-name="labelCompanyName"]'.</msg>
<status status="PASS" starttime="20211216 11:47:14.532" endtime="20211216 11:47:14.600"/>
</kw>
<kw name="Input Text" library="RPA.Browser.Selenium">
<arg>css:input[ng-reflect-name="labelRole"]</arg>
<arg>${row}[Role in Company]</arg>
<doc>Types the given ``text`` into the text field identified by ``locator``.</doc>
<msg timestamp="20211216 11:47:14.602" level="INFO">Typing text 'Medical Engineer' into text field 'css:input[ng-reflect-name="labelRole"]'.</msg>
<status status="PASS" starttime="20211216 11:47:14.601" endtime="20211216 11:47:14.688"/>
</kw>
<kw name="Click Button" library="RPA.Browser.Selenium">
<arg>css:input[value="Submit"]</arg>
<doc>Clicks the button identified by ``locator``.</doc>
<msg timestamp="20211216 11:47:14.691" level="INFO">Clicking button 'css:input[value="Submit"]'.</msg>
<status status="PASS" starttime="20211216 11:47:14.689" endtime="20211216 11:47:14.727"/>
</kw>
<status status="PASS" starttime="20211216 11:47:14.155" endtime="20211216 11:47:14.728"/>
</iter>
<iter>
<var name="${row}">{'First Name': 'Albert', 'Last Name': 'Kipling', 'Company Name': 'Waterfront', 'Role in Company': 'Accountant', 'Address': '22 Guild Street', 'Email': 'kipling@waterfront.com', 'Phone Number': 4073541...</var>
<kw name="Input Text" library="RPA.Browser.Selenium">
<arg>xpath://input[@ng-reflect-name="labelFirstName"]</arg>
<arg>${row}[First Name]</arg>
<doc>Types the given ``text`` into the text field identified by ``locator``.</doc>
<msg timestamp="20211216 11:47:14.732" level="INFO">Typing text 'Albert' into text field 'xpath://input[@ng-reflect-name="labelFirstName"]'.</msg>
<status status="PASS" starttime="20211216 11:47:14.730" endtime="20211216 11:47:14.797"/>
</kw>
<kw name="Input Text" library="RPA.Browser.Selenium">
<arg>css:input[ng-reflect-name="labelLastName"]</arg>
<arg>${row}[Last Name]</arg>
<doc>Types the given ``text`` into the text field identified by ``locator``.</doc>
<msg timestamp="20211216 11:47:14.800" level="INFO">Typing text 'Kipling' into text field 'css:input[ng-reflect-name="labelLastName"]'.</msg>
<status status="PASS" starttime="20211216 11:47:14.798" endtime="20211216 11:47:14.864"/>
</kw>
<kw name="Input Text" library="RPA.Browser.Selenium">
<arg>css:input[ng-reflect-name="labelPhone"]</arg>
<arg>${row}[Phone Number]</arg>
<doc>Types the given ``text`` into the text field identified by ``locator``.</doc>
<msg timestamp="20211216 11:47:14.867" level="INFO">Typing text '40735416854' into text field 'css:input[ng-reflect-name="labelPhone"]'.</msg>
<status status="PASS" starttime="20211216 11:47:14.865" endtime="20211216 11:47:14.945"/>
</kw>
<kw name="Input Text" library="RPA.Browser.Selenium">
<arg>css:input[ng-reflect-name="labelEmail"]</arg>
<arg>${row}[Email]</arg>
<doc>Types the given ``text`` into the text field identified by ``locator``.</doc>
<msg timestamp="20211216 11:47:14.950" level="INFO">Typing text 'kipling@waterfront.com' into text field 'css:input[ng-reflect-name="labelEmail"]'.</msg>
<status status="PASS" starttime="20211216 11:47:14.947" endtime="20211216 11:47:15.040"/>
</kw>
<kw name="Input Text" library="RPA.Browser.Selenium">
<arg>css:input[ng-reflect-name="labelAddress"]</arg>
<arg>${row}[Address]</arg>
<doc>Types the given ``text`` into the text field identified by ``locator``.</doc>
<msg timestamp="20211216 11:47:15.043" level="INFO">Typing text '22 Guild Street' into text field 'css:input[ng-reflect-name="labelAddress"]'.</msg>
<status status="PASS" starttime="20211216 11:47:15.041" endtime="20211216 11:47:15.124"/>
</kw>
<kw name="Input Text" library="RPA.Browser.Selenium">
<arg>css:input[ng-reflect-name="labelCompanyName"]</arg>
<arg>${row}[Company Name]</arg>
<doc>Types the given ``text`` into the text field identified by ``locator``.</doc>
<msg timestamp="20211216 11:47:15.127" level="INFO">Typing text 'Waterfront' into text field 'css:input[ng-reflect-name="labelCompanyName"]'.</msg>
<status status="PASS" starttime="20211216 11:47:15.125" endtime="20211216 11:47:15.195"/>
</kw>
<kw name="Input Text" library="RPA.Browser.Selenium">
<arg>css:input[ng-reflect-name="labelRole"]</arg>
<arg>${row}[Role in Company]</arg>
<doc>Types the given ``text`` into the text field identified by ``locator``.</doc>
<msg timestamp="20211216 11:47:15.197" level="INFO">Typing text 'Accountant' into text field 'css:input[ng-reflect-name="labelRole"]'.</msg>
<status status="PASS" starttime="20211216 11:47:15.196" endtime="20211216 11:47:15.287"/>
</kw>
<kw name="Click Button" library="RPA.Browser.Selenium">
<arg>css:input[value="Submit"]</arg>
<doc>Clicks the button identified by ``locator``.</doc>
<msg timestamp="20211216 11:47:15.291" level="INFO">Clicking button 'css:input[value="Submit"]'.</msg>
<status status="PASS" starttime="20211216 11:47:15.289" endtime="20211216 11:47:15.342"/>
</kw>
<status status="PASS" starttime="20211216 11:47:14.729" endtime="20211216 11:47:15.343"/>
</iter>
<iter>
<var name="${row}">{'First Name': 'Michael', 'Last Name': 'Robertson', 'Company Name': 'MediCare', 'Role in Company': 'IT Specialist', 'Address': '17 Farburn Terrace', 'Email': 'mrobertson@mc.com', 'Phone Number': 40733...</var>
<kw name="Input Text" library="RPA.Browser.Selenium">
<arg>xpath://input[@ng-reflect-name="labelFirstName"]</arg>
<arg>${row}[First Name]</arg>
<doc>Types the given ``text`` into the text field identified by ``locator``.</doc>
<msg timestamp="20211216 11:47:15.347" level="INFO">Typing text 'Michael' into text field 'xpath://input[@ng-reflect-name="labelFirstName"]'.</msg>
<status status="PASS" starttime="20211216 11:47:15.345" endtime="20211216 11:47:15.418"/>
</kw>
<kw name="Input Text" library="RPA.Browser.Selenium">
<arg>css:input[ng-reflect-name="labelLastName"]</arg>
<arg>${row}[Last Name]</arg>
<doc>Types the given ``text`` into the text field identified by ``locator``.</doc>
<msg timestamp="20211216 11:47:15.422" level="INFO">Typing text 'Robertson' into text field 'css:input[ng-reflect-name="labelLastName"]'.</msg>
<status status="PASS" starttime="20211216 11:47:15.419" endtime="20211216 11:47:15.495"/>
</kw>
<kw name="Input Text" library="RPA.Browser.Selenium">
<arg>css:input[ng-reflect-name="labelPhone"]</arg>
<arg>${row}[Phone Number]</arg>
<doc>Types the given ``text`` into the text field identified by ``locator``.</doc>
<msg timestamp="20211216 11:47:15.497" level="INFO">Typing text '40733652145' into text field 'css:input[ng-reflect-name="labelPhone"]'.</msg>
<status status="PASS" starttime="20211216 11:47:15.496" endtime="20211216 11:47:15.571"/>
</kw>
<kw name="Input Text" library="RPA.Browser.Selenium">
<arg>css:input[ng-reflect-name="labelEmail"]</arg>
<arg>${row}[Email]</arg>
<doc>Types the given ``text`` into the text field identified by ``locator``.</doc>
<msg timestamp="20211216 11:47:15.574" level="INFO">Typing text 'mrobertson@mc.com' into text field 'css:input[ng-reflect-name="labelEmail"]'.</msg>
<status status="PASS" starttime="20211216 11:47:15.572" endtime="20211216 11:47:15.651"/>
</kw>
<kw name="Input Text" library="RPA.Browser.Selenium">
<arg>css:input[ng-reflect-name="labelAddress"]</arg>
<arg>${row}[Address]</arg>
<doc>Types the given ``text`` into the text field identified by ``locator``.</doc>
<msg timestamp="20211216 11:47:15.653" level="INFO">Typing text '17 Farburn Terrace' into text field 'css:input[ng-reflect-name="labelAddress"]'.</msg>
<status status="PASS" starttime="20211216 11:47:15.652" endtime="20211216 11:47:15.741"/>
</kw>
<kw name="Input Text" library="RPA.Browser.Selenium">
<arg>css:input[ng-reflect-name="labelCompanyName"]</arg>
<arg>${row}[Company Name]</arg>
<doc>Types the given ``text`` into the text field identified by ``locator``.</doc>
<msg timestamp="20211216 11:47:15.744" level="INFO">Typing text 'MediCare' into text field 'css:input[ng-reflect-name="labelCompanyName"]'.</msg>
<status status="PASS" starttime="20211216 11:47:15.742" endtime="20211216 11:47:15.815"/>
</kw>
<kw name="Input Text" library="RPA.Browser.Selenium">
<arg>css:input[ng-reflect-name="labelRole"]</arg>
<arg>${row}[Role in Company]</arg>
<doc>Types the given ``text`` into the text field identified by ``locator``.</doc>
<msg timestamp="20211216 11:47:15.817" level="INFO">Typing text 'IT Specialist' into text field 'css:input[ng-reflect-name="labelRole"]'.</msg>
<status status="PASS" starttime="20211216 11:47:15.816" endtime="20211216 11:47:15.900"/>
</kw>
<kw name="Click Button" library="RPA.Browser.Selenium">
<arg>css:input[value="Submit"]</arg>
<doc>Clicks the button identified by ``locator``.</doc>
<msg timestamp="20211216 11:47:15.902" level="INFO">Clicking button 'css:input[value="Submit"]'.</msg>
<status status="PASS" starttime="20211216 11:47:15.901" endtime="20211216 11:47:15.935"/>
</kw>
<status status="PASS" starttime="20211216 11:47:15.344" endtime="20211216 11:47:15.936"/>
</iter>
<iter>
<var name="${row}">{'First Name': 'Doug', 'Last Name': 'Derrick', 'Company Name': 'Timepath Inc.', 'Role in Company': 'Analyst', 'Address': '99 Shire Oak Road', 'Email': 'dderrick@timepath.co.uk', 'Phone Number': 407998...</var>
<kw name="Input Text" library="RPA.Browser.Selenium">
<arg>xpath://input[@ng-reflect-name="labelFirstName"]</arg>
<arg>${row}[First Name]</arg>
<doc>Types the given ``text`` into the text field identified by ``locator``.</doc>
<msg timestamp="20211216 11:47:15.940" level="INFO">Typing text 'Doug' into text field 'xpath://input[@ng-reflect-name="labelFirstName"]'.</msg>
<status status="PASS" starttime="20211216 11:47:15.939" endtime="20211216 11:47:16.005"/>
</kw>
<kw name="Input Text" library="RPA.Browser.Selenium">
<arg>css:input[ng-reflect-name="labelLastName"]</arg>
<arg>${row}[Last Name]</arg>
<doc>Types the given ``text`` into the text field identified by ``locator``.</doc>
<msg timestamp="20211216 11:47:16.008" level="INFO">Typing text 'Derrick' into text field 'css:input[ng-reflect-name="labelLastName"]'.</msg>
<status status="PASS" starttime="20211216 11:47:16.006" endtime="20211216 11:47:16.079"/>
</kw>
<kw name="Input Text" library="RPA.Browser.Selenium">
<arg>css:input[ng-reflect-name="labelPhone"]</arg>
<arg>${row}[Phone Number]</arg>
<doc>Types the given ``text`` into the text field identified by ``locator``.</doc>
<msg timestamp="20211216 11:47:16.082" level="INFO">Typing text '40799885412' into text field 'css:input[ng-reflect-name="labelPhone"]'.</msg>
<status status="PASS" starttime="20211216 11:47:16.080" endtime="20211216 11:47:16.155"/>
</kw>
<kw name="Input Text" library="RPA.Browser.Selenium">
<arg>css:input[ng-reflect-name="labelEmail"]</arg>
<arg>${row}[Email]</arg>
<doc>Types the given ``text`` into the text field identified by ``locator``.</doc>
<msg timestamp="20211216 11:47:16.158" level="INFO">Typing text 'dderrick@timepath.co.uk' into text field 'css:input[ng-reflect-name="labelEmail"]'.</msg>
<status status="PASS" starttime="20211216 11:47:16.156" endtime="20211216 11:47:16.240"/>
</kw>
<kw name="Input Text" library="RPA.Browser.Selenium">
<arg>css:input[ng-reflect-name="labelAddress"]</arg>
<arg>${row}[Address]</arg>
<doc>Types the given ``text`` into the text field identified by ``locator``.</doc>
<msg timestamp="20211216 11:47:16.243" level="INFO">Typing text '99 Shire Oak Road' into text field 'css:input[ng-reflect-name="labelAddress"]'.</msg>
<status status="PASS" starttime="20211216 11:47:16.241" endtime="20211216 11:47:16.322"/>
</kw>
<kw name="Input Text" library="RPA.Browser.Selenium">
<arg>css:input[ng-reflect-name="labelCompanyName"]</arg>
<arg>${row}[Company Name]</arg>
<doc>Types the given ``text`` into the text field identified by ``locator``.</doc>
<msg timestamp="20211216 11:47:16.325" level="INFO">Typing text 'Timepath Inc.' into text field 'css:input[ng-reflect-name="labelCompanyName"]'.</msg>
<status status="PASS" starttime="20211216 11:47:16.323" endtime="20211216 11:47:16.397"/>
</kw>
<kw name="Input Text" library="RPA.Browser.Selenium">
<arg>css:input[ng-reflect-name="labelRole"]</arg>
<arg>${row}[Role in Company]</arg>
<doc>Types the given ``text`` into the text field identified by ``locator``.</doc>
<msg timestamp="20211216 11:47:16.399" level="INFO">Typing text 'Analyst' into text field 'css:input[ng-reflect-name="labelRole"]'.</msg>
<status status="PASS" starttime="20211216 11:47:16.398" endtime="20211216 11:47:16.470"/>
</kw>
<kw name="Click Button" library="RPA.Browser.Selenium">
<arg>css:input[value="Submit"]</arg>
<doc>Clicks the button identified by ``locator``.</doc>
<msg timestamp="20211216 11:47:16.474" level="INFO">Clicking button 'css:input[value="Submit"]'.</msg>
<status status="PASS" starttime="20211216 11:47:16.472" endtime="20211216 11:47:16.515"/>
</kw>
<status status="PASS" starttime="20211216 11:47:15.937" endtime="20211216 11:47:16.516"/>
</iter>
<iter>
<var name="${row}">{'First Name': 'Jessie', 'Last Name': 'Marlowe', 'Company Name': 'Aperture Inc.', 'Role in Company': 'Scientist', 'Address': '27 Cheshire Street', 'Email': 'jmarlowe@aperture.us', 'Phone Number': 4073...</var>
<kw name="Input Text" library="RPA.Browser.Selenium">
<arg>xpath://input[@ng-reflect-name="labelFirstName"]</arg>
<arg>${row}[First Name]</arg>
<doc>Types the given ``text`` into the text field identified by ``locator``.</doc>
<msg timestamp="20211216 11:47:16.520" level="INFO">Typing text 'Jessie' into text field 'xpath://input[@ng-reflect-name="labelFirstName"]'.</msg>
<status status="PASS" starttime="20211216 11:47:16.519" endtime="20211216 11:47:16.591"/>
</kw>
<kw name="Input Text" library="RPA.Browser.Selenium">
<arg>css:input[ng-reflect-name="labelLastName"]</arg>
<arg>${row}[Last Name]</arg>
<doc>Types the given ``text`` into the text field identified by ``locator``.</doc>
<msg timestamp="20211216 11:47:16.593" level="INFO">Typing text 'Marlowe' into text field 'css:input[ng-reflect-name="labelLastName"]'.</msg>
<status status="PASS" starttime="20211216 11:47:16.591" endtime="20211216 11:47:16.664"/>
</kw>
<kw name="Input Text" library="RPA.Browser.Selenium">
<arg>css:input[ng-reflect-name="labelPhone"]</arg>
<arg>${row}[Phone Number]</arg>
<doc>Types the given ``text`` into the text field identified by ``locator``.</doc>
<msg timestamp="20211216 11:47:16.667" level="INFO">Typing text '40733154268' into text field 'css:input[ng-reflect-name="labelPhone"]'.</msg>
<status status="PASS" starttime="20211216 11:47:16.665" endtime="20211216 11:47:16.744"/>
</kw>
<kw name="Input Text" library="RPA.Browser.Selenium">
<arg>css:input[ng-reflect-name="labelEmail"]</arg>
<arg>${row}[Email]</arg>
<doc>Types the given ``text`` into the text field identified by ``locator``.</doc>
<msg timestamp="20211216 11:47:16.746" level="INFO">Typing text 'jmarlowe@aperture.us' into text field 'css:input[ng-reflect-name="labelEmail"]'.</msg>
<status status="PASS" starttime="20211216 11:47:16.745" endtime="20211216 11:47:16.831"/>
</kw>
<kw name="Input Text" library="RPA.Browser.Selenium">
<arg>css:input[ng-reflect-name="labelAddress"]</arg>
<arg>${row}[Address]</arg>
<doc>Types the given ``text`` into the text field identified by ``locator``.</doc>
<msg timestamp="20211216 11:47:16.834" level="INFO">Typing text '27 Cheshire Street' into text field 'css:input[ng-reflect-name="labelAddress"]'.</msg>
<status status="PASS" starttime="20211216 11:47:16.832" endtime="20211216 11:47:16.911"/>
</kw>
<kw name="Input Text" library="RPA.Browser.Selenium">
<arg>css:input[ng-reflect-name="labelCompanyName"]</arg>
<arg>${row}[Company Name]</arg>
<doc>Types the given ``text`` into the text field identified by ``locator``.</doc>
<msg timestamp="20211216 11:47:16.913" level="INFO">Typing text 'Aperture Inc.' into text field 'css:input[ng-reflect-name="labelCompanyName"]'.</msg>
<status status="PASS" starttime="20211216 11:47:16.912" endtime="20211216 11:47:16.983"/>
</kw>
<kw name="Input Text" library="RPA.Browser.Selenium">
<arg>css:input[ng-reflect-name="labelRole"]</arg>
<arg>${row}[Role in Company]</arg>
<doc>Types the given ``text`` into the text field identified by ``locator``.</doc>
<msg timestamp="20211216 11:47:16.985" level="INFO">Typing text 'Scientist' into text field 'css:input[ng-reflect-name="labelRole"]'.</msg>
<status status="PASS" starttime="20211216 11:47:16.984" endtime="20211216 11:47:17.051"/>
</kw>
<kw name="Click Button" library="RPA.Browser.Selenium">
<arg>css:input[value="Submit"]</arg>
<doc>Clicks the button identified by ``locator``.</doc>
<msg timestamp="20211216 11:47:17.053" level="INFO">Clicking button 'css:input[value="Submit"]'.</msg>
<status status="PASS" starttime="20211216 11:47:17.052" endtime="20211216 11:47:17.086"/>
</kw>
<status status="PASS" starttime="20211216 11:47:16.518" endtime="20211216 11:47:17.086"/>
</iter>
<iter>
<var name="${row}">{'First Name': 'Stan', 'Last Name': 'Hamm', 'Company Name': 'Sugarwell', 'Role in Company': 'Advisor', 'Address': '10 Dam Road', 'Email': 'shamm@sugarwell.org', 'Phone Number': 40712462257}</var>
<kw name="Input Text" library="RPA.Browser.Selenium">
<arg>xpath://input[@ng-reflect-name="labelFirstName"]</arg>
<arg>${row}[First Name]</arg>
<doc>Types the given ``text`` into the text field identified by ``locator``.</doc>
<msg timestamp="20211216 11:47:17.090" level="INFO">Typing text 'Stan' into text field 'xpath://input[@ng-reflect-name="labelFirstName"]'.</msg>
<status status="PASS" starttime="20211216 11:47:17.089" endtime="20211216 11:47:17.149"/>
</kw>
<kw name="Input Text" library="RPA.Browser.Selenium">
<arg>css:input[ng-reflect-name="labelLastName"]</arg>
<arg>${row}[Last Name]</arg>
<doc>Types the given ``text`` into the text field identified by ``locator``.</doc>
<msg timestamp="20211216 11:47:17.151" level="INFO">Typing text 'Hamm' into text field 'css:input[ng-reflect-name="labelLastName"]'.</msg>
<status status="PASS" starttime="20211216 11:47:17.150" endtime="20211216 11:47:17.217"/>
</kw>
<kw name="Input Text" library="RPA.Browser.Selenium">
<arg>css:input[ng-reflect-name="labelPhone"]</arg>
<arg>${row}[Phone Number]</arg>
<doc>Types the given ``text`` into the text field identified by ``locator``.</doc>
<msg timestamp="20211216 11:47:17.219" level="INFO">Typing text '40712462257' into text field 'css:input[ng-reflect-name="labelPhone"]'.</msg>
<status status="PASS" starttime="20211216 11:47:17.218" endtime="20211216 11:47:17.296"/>
</kw>
<kw name="Input Text" library="RPA.Browser.Selenium">
<arg>css:input[ng-reflect-name="labelEmail"]</arg>
<arg>${row}[Email]</arg>
<doc>Types the given ``text`` into the text field identified by ``locator``.</doc>
<msg timestamp="20211216 11:47:17.298" level="INFO">Typing text 'shamm@sugarwell.org' into text field 'css:input[ng-reflect-name="labelEmail"]'.</msg>
<status status="PASS" starttime="20211216 11:47:17.297" endtime="20211216 11:47:17.377"/>
</kw>
<kw name="Input Text" library="RPA.Browser.Selenium">
<arg>css:input[ng-reflect-name="labelAddress"]</arg>
<arg>${row}[Address]</arg>
<doc>Types the given ``text`` into the text field identified by ``locator``.</doc>
<msg timestamp="20211216 11:47:17.379" level="INFO">Typing text '10 Dam Road' into text field 'css:input[ng-reflect-name="labelAddress"]'.</msg>
<status status="PASS" starttime="20211216 11:47:17.378" endtime="20211216 11:47:17.448"/>
</kw>
<kw name="Input Text" library="RPA.Browser.Selenium">
<arg>css:input[ng-reflect-name="labelCompanyName"]</arg>
<arg>${row}[Company Name]</arg>
<doc>Types the given ``text`` into the text field identified by ``locator``.</doc>
<msg timestamp="20211216 11:47:17.450" level="INFO">Typing text 'Sugarwell' into text field 'css:input[ng-reflect-name="labelCompanyName"]'.</msg>
<status status="PASS" starttime="20211216 11:47:17.448" endtime="20211216 11:47:17.522"/>
</kw>
<kw name="Input Text" library="RPA.Browser.Selenium">
<arg>css:input[ng-reflect-name="labelRole"]</arg>
<arg>${row}[Role in Company]</arg>
<doc>Types the given ``text`` into the text field identified by ``locator``.</doc>
<msg timestamp="20211216 11:47:17.526" level="INFO">Typing text 'Advisor' into text field 'css:input[ng-reflect-name="labelRole"]'.</msg>
<status status="PASS" starttime="20211216 11:47:17.524" endtime="20211216 11:47:17.598"/>
</kw>
<kw name="Click Button" library="RPA.Browser.Selenium">
<arg>css:input[value="Submit"]</arg>
<doc>Clicks the button identified by ``locator``.</doc>
<msg timestamp="20211216 11:47:17.600" level="INFO">Clicking button 'css:input[value="Submit"]'.</msg>
<status status="PASS" starttime="20211216 11:47:17.599" endtime="20211216 11:47:17.632"/>
</kw>
<status status="PASS" starttime="20211216 11:47:17.087" endtime="20211216 11:47:17.632"/>
</iter>
<iter>
<var name="${row}">{'First Name': 'Michelle', 'Last Name': 'Norton', 'Company Name': 'Aperture Inc.', 'Role in Company': 'Scientist', 'Address': '13 White Rabbit Street', 'Email': 'mnorton@aperture.us', 'Phone Number': ...</var>
<kw name="Input Text" library="RPA.Browser.Selenium">
<arg>xpath://input[@ng-reflect-name="labelFirstName"]</arg>
<arg>${row}[First Name]</arg>
<doc>Types the given ``text`` into the text field identified by ``locator``.</doc>
<msg timestamp="20211216 11:47:17.636" level="INFO">Typing text 'Michelle' into text field 'xpath://input[@ng-reflect-name="labelFirstName"]'.</msg>
<status status="PASS" starttime="20211216 11:47:17.634" endtime="20211216 11:47:17.702"/>
</kw>
<kw name="Input Text" library="RPA.Browser.Selenium">
<arg>css:input[ng-reflect-name="labelLastName"]</arg>
<arg>${row}[Last Name]</arg>
<doc>Types the given ``text`` into the text field identified by ``locator``.</doc>
<msg timestamp="20211216 11:47:17.705" level="INFO">Typing text 'Norton' into text field 'css:input[ng-reflect-name="labelLastName"]'.</msg>
<status status="PASS" starttime="20211216 11:47:17.703" endtime="20211216 11:47:17.769"/>
</kw>
<kw name="Input Text" library="RPA.Browser.Selenium">
<arg>css:input[ng-reflect-name="labelPhone"]</arg>
<arg>${row}[Phone Number]</arg>
<doc>Types the given ``text`` into the text field identified by ``locator``.</doc>
<msg timestamp="20211216 11:47:17.772" level="INFO">Typing text '40731254562' into text field 'css:input[ng-reflect-name="labelPhone"]'.</msg>
<status status="PASS" starttime="20211216 11:47:17.770" endtime="20211216 11:47:17.845"/>
</kw>
<kw name="Input Text" library="RPA.Browser.Selenium">
<arg>css:input[ng-reflect-name="labelEmail"]</arg>
<arg>${row}[Email]</arg>
<doc>Types the given ``text`` into the text field identified by ``locator``.</doc>
<msg timestamp="20211216 11:47:17.847" level="INFO">Typing text 'mnorton@aperture.us' into text field 'css:input[ng-reflect-name="labelEmail"]'.</msg>
<status status="PASS" starttime="20211216 11:47:17.846" endtime="20211216 11:47:17.930"/>
</kw>
<kw name="Input Text" library="RPA.Browser.Selenium">
<arg>css:input[ng-reflect-name="labelAddress"]</arg>
<arg>${row}[Address]</arg>
<doc>Types the given ``text`` into the text field identified by ``locator``.</doc>
<msg timestamp="20211216 11:47:17.932" level="INFO">Typing text '13 White Rabbit Street' into text field 'css:input[ng-reflect-name="labelAddress"]'.</msg>
<status status="PASS" starttime="20211216 11:47:17.931" endtime="20211216 11:47:18.015"/>
</kw>
<kw name="Input Text" library="RPA.Browser.Selenium">
<arg>css:input[ng-reflect-name="labelCompanyName"]</arg>
<arg>${row}[Company Name]</arg>
<doc>Types the given ``text`` into the text field identified by ``locator``.</doc>
<msg timestamp="20211216 11:47:18.017" level="INFO">Typing text 'Aperture Inc.' into text field 'css:input[ng-reflect-name="labelCompanyName"]'.</msg>
<status status="PASS" starttime="20211216 11:47:18.016" endtime="20211216 11:47:18.089"/>
</kw>
<kw name="Input Text" library="RPA.Browser.Selenium">
<arg>css:input[ng-reflect-name="labelRole"]</arg>
<arg>${row}[Role in Company]</arg>
<doc>Types the given ``text`` into the text field identified by ``locator``.</doc>
<msg timestamp="20211216 11:47:18.091" level="INFO">Typing text 'Scientist' into text field 'css:input[ng-reflect-name="labelRole"]'.</msg>
<status status="PASS" starttime="20211216 11:47:18.090" endtime="20211216 11:47:18.161"/>
</kw>
<kw name="Click Button" library="RPA.Browser.Selenium">
<arg>css:input[value="Submit"]</arg>
<doc>Clicks the button identified by ``locator``.</doc>
<msg timestamp="20211216 11:47:18.163" level="INFO">Clicking button 'css:input[value="Submit"]'.</msg>
<status status="PASS" starttime="20211216 11:47:18.162" endtime="20211216 11:47:18.201"/>
</kw>
<status status="PASS" starttime="20211216 11:47:17.633" endtime="20211216 11:47:18.201"/>
</iter>
<iter>
<var name="${row}">{'First Name': 'Stacy', 'Last Name': 'Shelby', 'Company Name': 'TechDev', 'Role in Company': 'HR Manager', 'Address': '19 Pineapple Boulevard', 'Email': 'sshelby@techdev.com', 'Phone Number': 40741785...</var>
<kw name="Input Text" library="RPA.Browser.Selenium">
<arg>xpath://input[@ng-reflect-name="labelFirstName"]</arg>
<arg>${row}[First Name]</arg>
<doc>Types the given ``text`` into the text field identified by ``locator``.</doc>
<msg timestamp="20211216 11:47:18.205" level="INFO">Typing text 'Stacy' into text field 'xpath://input[@ng-reflect-name="labelFirstName"]'.</msg>
<status status="PASS" starttime="20211216 11:47:18.203" endtime="20211216 11:47:18.285"/>
</kw>
<kw name="Input Text" library="RPA.Browser.Selenium">
<arg>css:input[ng-reflect-name="labelLastName"]</arg>
<arg>${row}[Last Name]</arg>
<doc>Types the given ``text`` into the text field identified by ``locator``.</doc>
<msg timestamp="20211216 11:47:18.287" level="INFO">Typing text 'Shelby' into text field 'css:input[ng-reflect-name="labelLastName"]'.</msg>
<status status="PASS" starttime="20211216 11:47:18.286" endtime="20211216 11:47:18.352"/>
</kw>
<kw name="Input Text" library="RPA.Browser.Selenium">
<arg>css:input[ng-reflect-name="labelPhone"]</arg>
<arg>${row}[Phone Number]</arg>
<doc>Types the given ``text`` into the text field identified by ``locator``.</doc>
<msg timestamp="20211216 11:47:18.354" level="INFO">Typing text '40741785214' into text field 'css:input[ng-reflect-name="labelPhone"]'.</msg>
<status status="PASS" starttime="20211216 11:47:18.352" endtime="20211216 11:47:18.430"/>
</kw>
<kw name="Input Text" library="RPA.Browser.Selenium">
<arg>css:input[ng-reflect-name="labelEmail"]</arg>
<arg>${row}[Email]</arg>
<doc>Types the given ``text`` into the text field identified by ``locator``.</doc>
<msg timestamp="20211216 11:47:18.433" level="INFO">Typing text 'sshelby@techdev.com' into text field 'css:input[ng-reflect-name="labelEmail"]'.</msg>
<status status="PASS" starttime="20211216 11:47:18.431" endtime="20211216 11:47:18.513"/>
</kw>
<kw name="Input Text" library="RPA.Browser.Selenium">
<arg>css:input[ng-reflect-name="labelAddress"]</arg>
<arg>${row}[Address]</arg>
<doc>Types the given ``text`` into the text field identified by ``locator``.</doc>
<msg timestamp="20211216 11:47:18.516" level="INFO">Typing text '19 Pineapple Boulevard' into text field 'css:input[ng-reflect-name="labelAddress"]'.</msg>
<status status="PASS" starttime="20211216 11:47:18.514" endtime="20211216 11:47:18.603"/>
</kw>
<kw name="Input Text" library="RPA.Browser.Selenium">
<arg>css:input[ng-reflect-name="labelCompanyName"]</arg>
<arg>${row}[Company Name]</arg>
<doc>Types the given ``text`` into the text field identified by ``locator``.</doc>
<msg timestamp="20211216 11:47:18.607" level="INFO">Typing text 'TechDev' into text field 'css:input[ng-reflect-name="labelCompanyName"]'.</msg>
<status status="PASS" starttime="20211216 11:47:18.605" endtime="20211216 11:47:18.675"/>
</kw>
<kw name="Input Text" library="RPA.Browser.Selenium">
<arg>css:input[ng-reflect-name="labelRole"]</arg>
<arg>${row}[Role in Company]</arg>
<doc>Types the given ``text`` into the text field identified by ``locator``.</doc>
<msg timestamp="20211216 11:47:18.678" level="INFO">Typing text 'HR Manager' into text field 'css:input[ng-reflect-name="labelRole"]'.</msg>
<status status="PASS" starttime="20211216 11:47:18.676" endtime="20211216 11:47:18.752"/>
</kw>
<kw name="Click Button" library="RPA.Browser.Selenium">
<arg>css:input[value="Submit"]</arg>
<doc>Clicks the button identified by ``locator``.</doc>
<msg timestamp="20211216 11:47:18.754" level="INFO">Clicking button 'css:input[value="Submit"]'.</msg>
<status status="PASS" starttime="20211216 11:47:18.753" endtime="20211216 11:47:18.787"/>
</kw>
<status status="PASS" starttime="20211216 11:47:18.202" endtime="20211216 11:47:18.787"/>
</iter>
<iter>
<var name="${row}">{'First Name': 'Lara', 'Last Name': 'Palmer', 'Company Name': 'Timepath Inc.', 'Role in Company': 'Programmer', 'Address': '87 Orange Street', 'Email': 'lpalmer@timepath.co.uk', 'Phone Number': 407316...</var>
<kw name="Input Text" library="RPA.Browser.Selenium">
<arg>xpath://input[@ng-reflect-name="labelFirstName"]</arg>
<arg>${row}[First Name]</arg>
<doc>Types the given ``text`` into the text field identified by ``locator``.</doc>
<msg timestamp="20211216 11:47:18.792" level="INFO">Typing text 'Lara' into text field 'xpath://input[@ng-reflect-name="labelFirstName"]'.</msg>
<status status="PASS" starttime="20211216 11:47:18.790" endtime="20211216 11:47:18.857"/>
</kw>
<kw name="Input Text" library="RPA.Browser.Selenium">
<arg>css:input[ng-reflect-name="labelLastName"]</arg>
<arg>${row}[Last Name]</arg>
<doc>Types the given ``text`` into the text field identified by ``locator``.</doc>
<msg timestamp="20211216 11:47:18.859" level="INFO">Typing text 'Palmer' into text field 'css:input[ng-reflect-name="labelLastName"]'.</msg>
<status status="PASS" starttime="20211216 11:47:18.858" endtime="20211216 11:47:18.929"/>
</kw>
<kw name="Input Text" library="RPA.Browser.Selenium">
<arg>css:input[ng-reflect-name="labelPhone"]</arg>
<arg>${row}[Phone Number]</arg>
<doc>Types the given ``text`` into the text field identified by ``locator``.</doc>
<msg timestamp="20211216 11:47:18.932" level="INFO">Typing text '40731653845' into text field 'css:input[ng-reflect-name="labelPhone"]'.</msg>
<status status="PASS" starttime="20211216 11:47:18.930" endtime="20211216 11:47:19.008"/>
</kw>
<kw name="Input Text" library="RPA.Browser.Selenium">
<arg>css:input[ng-reflect-name="labelEmail"]</arg>
<arg>${row}[Email]</arg>
<doc>Types the given ``text`` into the text field identified by ``locator``.</doc>
<msg timestamp="20211216 11:47:19.013" level="INFO">Typing text 'lpalmer@timepath.co.uk' into text field 'css:input[ng-reflect-name="labelEmail"]'.</msg>
<status status="PASS" starttime="20211216 11:47:19.010" endtime="20211216 11:47:19.102"/>
</kw>
<kw name="Input Text" library="RPA.Browser.Selenium">
<arg>css:input[ng-reflect-name="labelAddress"]</arg>
<arg>${row}[Address]</arg>
<doc>Types the given ``text`` into the text field identified by ``locator``.</doc>
<msg timestamp="20211216 11:47:19.104" level="INFO">Typing text '87 Orange Street' into text field 'css:input[ng-reflect-name="labelAddress"]'.</msg>
<status status="PASS" starttime="20211216 11:47:19.103" endtime="20211216 11:47:19.180"/>
</kw>
<kw name="Input Text" library="RPA.Browser.Selenium">
<arg>css:input[ng-reflect-name="labelCompanyName"]</arg>
<arg>${row}[Company Name]</arg>
<doc>Types the given ``text`` into the text field identified by ``locator``.</doc>
<msg timestamp="20211216 11:47:19.182" level="INFO">Typing text 'Timepath Inc.' into text field 'css:input[ng-reflect-name="labelCompanyName"]'.</msg>
<status status="PASS" starttime="20211216 11:47:19.181" endtime="20211216 11:47:19.268"/>
</kw>
<kw name="Input Text" library="RPA.Browser.Selenium">
<arg>css:input[ng-reflect-name="labelRole"]</arg>
<arg>${row}[Role in Company]</arg>
<doc>Types the given ``text`` into the text field identified by ``locator``.</doc>
<msg timestamp="20211216 11:47:19.272" level="INFO">Typing text 'Programmer' into text field 'css:input[ng-reflect-name="labelRole"]'.</msg>
<status status="PASS" starttime="20211216 11:47:19.269" endtime="20211216 11:47:19.348"/>
</kw>
<kw name="Click Button" library="RPA.Browser.Selenium">
<arg>css:input[value="Submit"]</arg>
<doc>Clicks the button identified by ``locator``.</doc>
<msg timestamp="20211216 11:47:19.350" level="INFO">Clicking button 'css:input[value="Submit"]'.</msg>
<status status="PASS" starttime="20211216 11:47:19.349" endtime="20211216 11:47:19.382"/>
</kw>
<status status="PASS" starttime="20211216 11:47:18.789" endtime="20211216 11:47:19.383"/>
</iter>
<status status="PASS" starttime="20211216 11:47:13.510" endtime="20211216 11:47:19.384"/>
</for>
<status status="PASS" starttime="20211216 11:47:08.896" endtime="20211216 11:47:19.385"/>
</test>
<doc>Template robot main suite.</doc>
<status status="PASS" starttime="20211216 11:47:07.081" endtime="20211216 11:47:19.389"/>
</suite>
<statistics>
<total>
<stat pass="1" fail="0" skip="0">All Tasks</stat>
</total>
<tag>
</tag>
<suite>
<stat pass="1" fail="0" skip="0" id="s1" name="Tasks">Tasks</stat>
</suite>
</statistics>
<errors>
</errors>
</robot>
